0 info it worked if it ends with ok
1 verbose cli [ 'node',
1 verbose cli   '/usr/local/bin/npm',
1 verbose cli   'install',
1 verbose cli   '-g',
1 verbose cli   'express-generater' ]
2 info using npm@2.1.6
3 info using node@v0.10.33
4 verbose node symlink /usr/local/bin/node
5 silly cache add args [ 'express-generater', null ]
6 verbose cache add spec express-generater
7 silly cache add parsed spec { raw: 'express-generater',
7 silly cache add   scope: null,
7 silly cache add   name: 'express-generater',
7 silly cache add   rawSpec: '',
7 silly cache add   spec: '*',
7 silly cache add   type: 'range' }
8 verbose addNamed express-generater@*
9 silly addNamed semver.valid null
10 silly addNamed semver.validRange *
11 silly addNameRange { name: 'express-generater', range: '*', hasData: false }
12 verbose mapToRegistry name express-generater
13 verbose mapToRegistry uri https://registry.npmjs.org/express-generater
14 verbose addNameRange registry:https://registry.npmjs.org/express-generater not in flight; fetching
15 verbose request on initialization, where is /express-generater
16 verbose request after pass 1, where is /express-generater
17 verbose request url raw /express-generater
18 verbose request resolving registry [ 'https://registry.npmjs.org/', './express-generater' ]
19 verbose request after pass 2, where is https://registry.npmjs.org/express-generater
20 verbose request no auth needed
21 info attempt registry request try #1 at 05:11:14
22 verbose request id a057bc58ff2e283a
23 http request GET https://registry.npmjs.org/express-generater
24 http 404 https://registry.npmjs.org/express-generater
25 silly registry.get cb [ 404,
25 silly registry.get   { 'content-type': 'application/json',
25 silly registry.get     'cache-control': 'max-age=0',
25 silly registry.get     'content-length': '2',
25 silly registry.get     'accept-ranges': 'bytes',
25 silly registry.get     date: 'Sat, 05 Sep 2015 20:11:15 GMT',
25 silly registry.get     via: '1.1 varnish',
25 silly registry.get     age: '0',
25 silly registry.get     connection: 'keep-alive',
25 silly registry.get     'x-served-by': 'cache-nrt6128-NRT',
25 silly registry.get     'x-cache': 'MISS',
25 silly registry.get     'x-cache-hits': '0',
25 silly registry.get     'x-timer': 'S1441483874.783401,VS0,VE485' } ]
26 verbose stack Error: Not Found
26 verbose stack     at errorResponse (/usr/local/lib/node_modules/npm/lib/cache/add-named.js:269:10)
26 verbose stack     at setData (/usr/local/lib/node_modules/npm/lib/cache/add-named.js:212:12)
26 verbose stack     at RES (/usr/local/lib/node_modules/npm/node_modules/inflight/inflight.js:23:14)
26 verbose stack     at f (/usr/local/lib/node_modules/npm/node_modules/once/once.js:17:25)
26 verbose stack     at saved (/usr/local/lib/node_modules/npm/node_modules/npm-registry-client/lib/get.js:167:7)
26 verbose stack     at Object.oncomplete (fs.js:107:15)
27 verbose statusCode 404
28 verbose pkgid express-generater
29 verbose cwd /Users/misoton/work/node/p/book/hello
30 error Darwin 14.5.0
31 error argv "node" "/usr/local/bin/npm" "install" "-g" "express-generater"
32 error node v0.10.33
33 error npm  v2.1.6
34 error code E404
35 error 404 Not Found
35 error 404
35 error 404 'express-generater' is not in the npm registry.
35 error 404 You should bug the author to publish it (or use the name yourself!)
35 error 404
35 error 404 Note that you can also install from a
35 error 404 tarball, folder, http url, or git url.
36 verbose exit [ 1, true ]
